build/outputs/logs/manifest-merger-debug-report.txt
-- Merging decision tree log ---
manifest
ADDED from Proyecto Movil Mantenimiento\ManttoPDA adaptable\AndroidManifest.xml:2:1-346:12
	package
		ADDED from Proyecto Movil Mantenimiento\ManttoPDA adaptable\AndroidManifest.xml:3:5-29
	android:versionName
		ADDED from Proyecto Movil Mantenimiento\ManttoPDA adaptable\AndroidManifest.xml:5:5-30
		INJECTED from Proyecto Movil Mantenimiento\ManttoPDA adaptable\AndroidManifest.xml
		INJECTED from Proyecto Movil Mantenimiento\ManttoPDA adaptable\AndroidManifest.xml
	android:versionCode
		ADDED from Proyecto Movil Mantenimiento\ManttoPDA adaptable\AndroidManifest.xml:4:5-28
		INJECTED from Proyecto Movil Mantenimiento\ManttoPDA adaptable\AndroidManifest.xml
		INJECTED from Proyecto Movil Mantenimiento\ManttoPDA adaptable\AndroidManifest.xml
	xmlns:android
		ADDED from Proyecto Movil Mantenimiento\ManttoPDA adaptable\AndroidManifest.xml:2:11-69
uses-sdk
ADDED from Proyecto Movil Mantenimiento\ManttoPDA adaptable\AndroidManifest.xml:7:5-9:41
	android:targetSdkVersion
		ADDED from Proyecto Movil Mantenimiento\ManttoPDA adaptable\AndroidManifest.xml:9:9-38
		INJECTED from Proyecto Movil Mantenimiento\ManttoPDA adaptable\AndroidManifest.xml
		INJECTED from Proyecto Movil Mantenimiento\ManttoPDA adaptable\AndroidManifest.xml
	android:minSdkVersion
		ADDED from Proyecto Movil Mantenimiento\ManttoPDA adaptable\AndroidManifest.xml:8:9-34
uses-feature#android.hardware.camera
ADDED from Proyecto Movil Mantenimiento\ManttoPDA adaptable\AndroidManifest.xml:11:5-13:36
	android:required
		ADDED from Proyecto Movil Mantenimiento\ManttoPDA adaptable\AndroidManifest.xml:13:9-33
	android:name
		ADDED from Proyecto Movil Mantenimiento\ManttoPDA adaptable\AndroidManifest.xml:12:9-47
uses-feature#android.hardware.camera.autofocus
ADDED from Proyecto Movil Mantenimiento\ManttoPDA adaptable\AndroidManifest.xml:14:5-70
	android:name
		ADDED from Proyecto Movil Mantenimiento\ManttoPDA adaptable\AndroidManifest.xml:14:19-67
uses-permission#android.permission.INTERNET
ADDED from Proyecto Movil Mantenimiento\ManttoPDA adaptable\AndroidManifest.xml:16:5-67
	android:name
		ADDED from Proyecto Movil Mantenimiento\ManttoPDA adaptable\AndroidManifest.xml:16:22-64
uses-permission#android.permission.ACCESS_NETWORK_STATE
ADDED from Proyecto Movil Mantenimiento\ManttoPDA adaptable\AndroidManifest.xml:17:5-79
	android:name
		ADDED from Proyecto Movil Mantenimiento\ManttoPDA adaptable\AndroidManifest.xml:17:22-76
uses-permission#android.permission.WRITE_EXTERNAL_STORAGE
ADDED from Proyecto Movil Mantenimiento\ManttoPDA adaptable\AndroidManifest.xml:18:5-81
	android:name
		ADDED from Proyecto Movil Mantenimiento\ManttoPDA adaptable\AndroidManifest.xml:18:22-78
uses-permission#android.permission.CAMERA
ADDED from Proyecto Movil Mantenimiento\ManttoPDA adaptable\AndroidManifest.xml:19:5-65
	android:name
		ADDED from Proyecto Movil Mantenimiento\ManttoPDA adaptable\AndroidManifest.xml:19:22-62
uses-permission#android.permission.READ_EXTERNAL_STORAGE
ADDED from Proyecto Movil Mantenimiento\ManttoPDA adaptable\AndroidManifest.xml:21:5-80
	android:name
		ADDED from Proyecto Movil Mantenimiento\ManttoPDA adaptable\AndroidManifest.xml:21:22-77
android:uses-permission#android.permission.READ_PHONE_STATE
ADDED from Proyecto Movil Mantenimiento\ManttoPDA adaptable\AndroidManifest.xml:23:5-83
	android:name
		ADDED from Proyecto Movil Mantenimiento\ManttoPDA adaptable\AndroidManifest.xml:23:30-80
application
ADDED from Proyecto Movil Mantenimiento\ManttoPDA adaptable\AndroidManifest.xml:25:5-344:19
	android:label
		ADDED from Proyecto Movil Mantenimiento\ManttoPDA adaptable\AndroidManifest.xml:29:9-41
	android:allowBackup
		ADDED from Proyecto Movil Mantenimiento\ManttoPDA adaptable\AndroidManifest.xml:27:9-35
	android:icon
		ADDED from Proyecto Movil Mantenimiento\ManttoPDA adaptable\AndroidManifest.xml:28:9-42
	android:theme
		ADDED from Proyecto Movil Mantenimiento\ManttoPDA adaptable\AndroidManifest.xml:30:9-56
	android:name
		ADDED from Proyecto Movil Mantenimiento\ManttoPDA adaptable\AndroidManifest.xml:26:9-30
activity#com.lys.mobile.Login
ADDED from Proyecto Movil Mantenimiento\ManttoPDA adaptable\AndroidManifest.xml:31:9-42:20
	android:label
		ADDED from Proyecto Movil Mantenimiento\ManttoPDA adaptable\AndroidManifest.xml:33:13-45
	android:name
		ADDED from Proyecto Movil Mantenimiento\ManttoPDA adaptable\AndroidManifest.xml:32:13-34
intent-filter#android.intent.action.MAIN+android.intent.category.LAUNCHER
ADDED from Proyecto Movil Mantenimiento\ManttoPDA adaptable\AndroidManifest.xml:37:13-41:29
action#android.intent.action.MAIN
ADDED from Proyecto Movil Mantenimiento\ManttoPDA adaptable\AndroidManifest.xml:38:17-69
	android:name
		ADDED from Proyecto Movil Mantenimiento\ManttoPDA adaptable\AndroidManifest.xml:38:25-66
category#android.intent.category.LAUNCHER
ADDED from Proyecto Movil Mantenimiento\ManttoPDA adaptable\AndroidManifest.xml:40:17-77
	android:name
		ADDED from Proyecto Movil Mantenimiento\ManttoPDA adaptable\AndroidManifest.xml:40:27-74
activity#com.lys.mobile.MainPrincipal
ADDED from Proyecto Movil Mantenimiento\ManttoPDA adaptable\AndroidManifest.xml:43:9-54:20
	android:screenOrientation
		ADDED from Proyecto Movil Mantenimiento\ManttoPDA adaptable\AndroidManifest.xml:46:13-49
	android:label
		ADDED from Proyecto Movil Mantenimiento\ManttoPDA adaptable\AndroidManifest.xml:45:13-45
	android:name
		ADDED from Proyecto Movil Mantenimiento\ManttoPDA adaptable\AndroidManifest.xml:44:13-42
intent-filter#android.intent.category.DEFAULT+com.example.user.codbar.MainPrincipal
ADDED from Proyecto Movil Mantenimiento\ManttoPDA adaptable\AndroidManifest.xml:49:13-53:29
action#com.example.user.codbar.MainPrincipal
ADDED from Proyecto Movil Mantenimiento\ManttoPDA adaptable\AndroidManifest.xml:50:17-80
	android:name
		ADDED from Proyecto Movil Mantenimiento\ManttoPDA adaptable\AndroidManifest.xml:50:25-77
category#android.intent.category.DEFAULT
ADDED from Proyecto Movil Mantenimiento\ManttoPDA adaptable\AndroidManifest.xml:52:17-76
	android:name
		ADDED from Proyecto Movil Mantenimiento\ManttoPDA adaptable\AndroidManifest.xml:52:27-73
activity#com.lys.mobile.MainInspeccionT
ADDED from Proyecto Movil Mantenimiento\ManttoPDA adaptable\AndroidManifest.xml:55:9-66:20
	android:screenOrientation
		ADDED from Proyecto Movil Mantenimiento\ManttoPDA adaptable\AndroidManifest.xml:58:13-49
	android:label
		ADDED from Proyecto Movil Mantenimiento\ManttoPDA adaptable\AndroidManifest.xml:57:13-45
	android:name
		ADDED from Proyecto Movil Mantenimiento\ManttoPDA adaptable\AndroidManifest.xml:56:13-44
intent-filter#android.intent.category.DEFAULT+com.example.user.codbar.MainInspeccionT
ADDED from Proyecto Movil Mantenimiento\ManttoPDA adaptable\AndroidManifest.xml:61:13-65:29
action#com.example.user.codbar.MainInspeccionT
ADDED from Proyecto Movil Mantenimiento\ManttoPDA adaptable\AndroidManifest.xml:62:17-82
	android:name
		ADDED from Proyecto Movil Mantenimiento\ManttoPDA adaptable\AndroidManifest.xml:62:25-79
activity#com.lys.mobile.MantInspeccionT
ADDED from Proyecto Movil Mantenimiento\ManttoPDA adaptable\AndroidManifest.xml:67:9-78:20
	android:screenOrientation
		ADDED from Proyecto Movil Mantenimiento\ManttoPDA adaptable\AndroidManifest.xml:70:13-49
	android:label
		ADDED from Proyecto Movil Mantenimiento\ManttoPDA adaptable\AndroidManifest.xml:69:13-45
	android:name
		ADDED from Proyecto Movil Mantenimiento\ManttoPDA adaptable\AndroidManifest.xml:68:13-44
intent-filter#android.intent.category.DEFAULT+com.example.user.codbar.MantInspeccionT
ADDED from Proyecto Movil Mantenimiento\ManttoPDA adaptable\AndroidManifest.xml:73:13-77:29
action#com.example.user.codbar.MantInspeccionT
ADDED from Proyecto Movil Mantenimiento\ManttoPDA adaptable\AndroidManifest.xml:74:17-82
	android:name
		ADDED from Proyecto Movil Mantenimiento\ManttoPDA adaptable\AndroidManifest.xml:74:25-79
activity#com.lys.mobile.MainInspeccionG
ADDED from Proyecto Movil Mantenimiento\ManttoPDA adaptable\AndroidManifest.xml:79:9-90:20
	android:screenOrientation
		ADDED from Proyecto Movil Mantenimiento\ManttoPDA adaptable\AndroidManifest.xml:82:13-49
	android:label
		ADDED from Proyecto Movil Mantenimiento\ManttoPDA adaptable\AndroidManifest.xml:81:13-45
	android:name
		ADDED from Proyecto Movil Mantenimiento\ManttoPDA adaptable\AndroidManifest.xml:80:13-44
intent-filter#android.intent.category.DEFAULT+com.example.user.codbar.MainInspeccionG
ADDED from Proyecto Movil Mantenimiento\ManttoPDA adaptable\AndroidManifest.xml:85:13-89:29
action#com.example.user.codbar.MainInspeccionG
ADDED from Proyecto Movil Mantenimiento\ManttoPDA adaptable\AndroidManifest.xml:86:17-82
	android:name
		ADDED from Proyecto Movil Mantenimiento\ManttoPDA adaptable\AndroidManifest.xml:86:25-79
activity#com.lys.mobile.MantInspeccionG
ADDED from Proyecto Movil Mantenimiento\ManttoPDA adaptable\AndroidManifest.xml:91:9-100:20
	android:screenOrientation
		ADDED from Proyecto Movil Mantenimiento\ManttoPDA adaptable\AndroidManifest.xml:94:13-49
	android:label
		ADDED from Proyecto Movil Mantenimiento\ManttoPDA adaptable\AndroidManifest.xml:93:13-45
	android:name
		ADDED from Proyecto Movil Mantenimiento\ManttoPDA adaptable\AndroidManifest.xml:92:13-44
intent-filter#android.intent.category.DEFAULT+com.example.user.codbar.MantInspeccionG
ADDED from Proyecto Movil Mantenimiento\ManttoPDA adaptable\AndroidManifest.xml:95:13-99:29
action#com.example.user.codbar.MantInspeccionG
ADDED from Proyecto Movil Mantenimiento\ManttoPDA adaptable\AndroidManifest.xml:96:17-82
	android:name
		ADDED from Proyecto Movil Mantenimiento\ManttoPDA adaptable\AndroidManifest.xml:96:25-79
activity#com.lys.mobile.MyActivity
ADDED from Proyecto Movil Mantenimiento\ManttoPDA adaptable\AndroidManifest.xml:101:9-111:20
	android:label
		ADDED from Proyecto Movil Mantenimiento\ManttoPDA adaptable\AndroidManifest.xml:103:13-45
	android:name
		ADDED from Proyecto Movil Mantenimiento\ManttoPDA adaptable\AndroidManifest.xml:102:13-39
intent-filter#android.intent.category.DEFAULT+com.example.user.codbar.MyActivity
ADDED from Proyecto Movil Mantenimiento\ManttoPDA adaptable\AndroidManifest.xml:106:13-110:29
action#com.example.user.codbar.MyActivity
ADDED from Proyecto Movil Mantenimiento\ManttoPDA adaptable\AndroidManifest.xml:107:17-77
	android:name
		ADDED from Proyecto Movil Mantenimiento\ManttoPDA adaptable\AndroidManifest.xml:107:25-74
activity#com.lys.mobile.Inspeccion
ADDED from Proyecto Movil Mantenimiento\ManttoPDA adaptable\AndroidManifest.xml:112:9-122:20
	android:label
		ADDED from Proyecto Movil Mantenimiento\ManttoPDA adaptable\AndroidManifest.xml:114:13-45
	android:name
		ADDED from Proyecto Movil Mantenimiento\ManttoPDA adaptable\AndroidManifest.xml:113:13-39
intent-filter#android.intent.category.DEFAULT+com.example.user.codbar.Inspeccion
ADDED from Proyecto Movil Mantenimiento\ManttoPDA adaptable\AndroidManifest.xml:117:13-121:29
action#com.example.user.codbar.Inspeccion
ADDED from Proyecto Movil Mantenimiento\ManttoPDA adaptable\AndroidManifest.xml:118:17-77
	android:name
		ADDED from Proyecto Movil Mantenimiento\ManttoPDA adaptable\AndroidManifest.xml:118:25-74
activity#com.lys.mobile.HistoInspeccion
ADDED from Proyecto Movil Mantenimiento\ManttoPDA adaptable\AndroidManifest.xml:123:9-134:20
	android:screenOrientation
		ADDED from Proyecto Movil Mantenimiento\ManttoPDA adaptable\AndroidManifest.xml:126:13-49
	android:label
		ADDED from Proyecto Movil Mantenimiento\ManttoPDA adaptable\AndroidManifest.xml:125:13-45
	android:name
		ADDED from Proyecto Movil Mantenimiento\ManttoPDA adaptable\AndroidManifest.xml:124:13-44
intent-filter#android.intent.category.DEFAULT+com.example.user.codbar.HistoInspeccion
ADDED from Proyecto Movil Mantenimiento\ManttoPDA adaptable\AndroidManifest.xml:129:13-133:29
action#com.example.user.codbar.HistoInspeccion
ADDED from Proyecto Movil Mantenimiento\ManttoPDA adaptable\AndroidManifest.xml:130:17-82
	android:name
		ADDED from Proyecto Movil Mantenimiento\ManttoPDA adaptable\AndroidManifest.xml:130:25-79
activity#com.lys.mobile.PlanMantenimiento
ADDED from Proyecto Movil Mantenimiento\ManttoPDA adaptable\AndroidManifest.xml:135:9-145:20
	android:label
		ADDED from Proyecto Movil Mantenimiento\ManttoPDA adaptable\AndroidManifest.xml:137:13-45
	android:name
		ADDED from Proyecto Movil Mantenimiento\ManttoPDA adaptable\AndroidManifest.xml:136:13-46
intent-filter#android.intent.category.DEFAULT+com.example.user.codbar.Planmantenimiento
ADDED from Proyecto Movil Mantenimiento\ManttoPDA adaptable\AndroidManifest.xml:140:13-144:29
action#com.example.user.codbar.Planmantenimiento
ADDED from Proyecto Movil Mantenimiento\ManttoPDA adaptable\AndroidManifest.xml:141:17-84
	android:name
		ADDED from Proyecto Movil Mantenimiento\ManttoPDA adaptable\AndroidManifest.xml:141:25-81
activity#com.lys.mobile.InspeccionesRealizadas
ADDED from Proyecto Movil Mantenimiento\ManttoPDA adaptable\AndroidManifest.xml:146:9-158:20
	android:screenOrientation
		ADDED from Proyecto Movil Mantenimiento\ManttoPDA adaptable\AndroidManifest.xml:149:13-49
	android:label
		ADDED from Proyecto Movil Mantenimiento\ManttoPDA adaptable\AndroidManifest.xml:148:13-45
	android:name
		ADDED from Proyecto Movil Mantenimiento\ManttoPDA adaptable\AndroidManifest.xml:147:13-51
activity#com.lys.mobile.InfoTecnica
ADDED from Proyecto Movil Mantenimiento\ManttoPDA adaptable\AndroidManifest.xml:159:9-169:20
	android:label
		ADDED from Proyecto Movil Mantenimiento\ManttoPDA adaptable\AndroidManifest.xml:161:13-45
	android:name
		ADDED from Proyecto Movil Mantenimiento\ManttoPDA adaptable\AndroidManifest.xml:160:13-40
intent-filter#android.intent.category.DEFAULT+com.example.user.codbar.Infotecnica
ADDED from Proyecto Movil Mantenimiento\ManttoPDA adaptable\AndroidManifest.xml:164:13-168:29
action#com.example.user.codbar.Infotecnica
ADDED from Proyecto Movil Mantenimiento\ManttoPDA adaptable\AndroidManifest.xml:165:17-78
	android:name
		ADDED from Proyecto Movil Mantenimiento\ManttoPDA adaptable\AndroidManifest.xml:165:25-75
activity#com.lys.mobile.HistoFallas
ADDED from Proyecto Movil Mantenimiento\ManttoPDA adaptable\AndroidManifest.xml:170:9-180:20
	android:label
		ADDED from Proyecto Movil Mantenimiento\ManttoPDA adaptable\AndroidManifest.xml:172:13-45
	android:name
		ADDED from Proyecto Movil Mantenimiento\ManttoPDA adaptable\AndroidManifest.xml:171:13-40
intent-filter#android.intent.category.DEFAULT+com.example.user.codbar.Histofallas
ADDED from Proyecto Movil Mantenimiento\ManttoPDA adaptable\AndroidManifest.xml:175:13-179:29
action#com.example.user.codbar.Histofallas
ADDED from Proyecto Movil Mantenimiento\ManttoPDA adaptable\AndroidManifest.xml:176:17-78
	android:name
		ADDED from Proyecto Movil Mantenimiento\ManttoPDA adaptable\AndroidManifest.xml:176:25-75
activity#com.lys.mobile.IndicadoresMantto
ADDED from Proyecto Movil Mantenimiento\ManttoPDA adaptable\AndroidManifest.xml:181:9-191:20
	android:label
		ADDED from Proyecto Movil Mantenimiento\ManttoPDA adaptable\AndroidManifest.xml:183:13-45
	android:name
		ADDED from Proyecto Movil Mantenimiento\ManttoPDA adaptable\AndroidManifest.xml:182:13-46
intent-filter#android.intent.category.DEFAULT+com.example.user.codbar.Indicadoresmantto
ADDED from Proyecto Movil Mantenimiento\ManttoPDA adaptable\AndroidManifest.xml:186:13-190:29
action#com.example.user.codbar.Indicadoresmantto
ADDED from Proyecto Movil Mantenimiento\ManttoPDA adaptable\AndroidManifest.xml:187:17-84
	android:name
		ADDED from Proyecto Movil Mantenimiento\ManttoPDA adaptable\AndroidManifest.xml:187:25-81
activity#com.lys.mobile.Llenar
ADDED from Proyecto Movil Mantenimiento\ManttoPDA adaptable\AndroidManifest.xml:192:9-203:20
	android:label
		ADDED from Proyecto Movil Mantenimiento\ManttoPDA adaptable\AndroidManifest.xml:194:13-45
	android:windowSoftInputMode
		ADDED from Proyecto Movil Mantenimiento\ManttoPDA adaptable\AndroidManifest.xml:195:13-52
	android:name
		ADDED from Proyecto Movil Mantenimiento\ManttoPDA adaptable\AndroidManifest.xml:193:13-35
intent-filter#android.intent.category.DEFAULT+com.example.user.codbar.Llenar
ADDED from Proyecto Movil Mantenimiento\ManttoPDA adaptable\AndroidManifest.xml:198:13-202:29
action#com.example.user.codbar.Llenar
ADDED from Proyecto Movil Mantenimiento\ManttoPDA adaptable\AndroidManifest.xml:199:17-73
	android:name
		ADDED from Proyecto Movil Mantenimiento\ManttoPDA adaptable\AndroidManifest.xml:199:25-70
activity#com.lys.mobile.LlenarComentario
ADDED from Proyecto Movil Mantenimiento\ManttoPDA adaptable\AndroidManifest.xml:204:9-213:20
	android:screenOrientation
		ADDED from Proyecto Movil Mantenimiento\ManttoPDA adaptable\AndroidManifest.xml:207:13-50
	android:label
		ADDED from Proyecto Movil Mantenimiento\ManttoPDA adaptable\AndroidManifest.xml:206:13-45
	android:name
		ADDED from Proyecto Movil Mantenimiento\ManttoPDA adaptable\AndroidManifest.xml:205:13-45
intent-filter#android.intent.category.DEFAULT+com.example.user.codbar.Llenarcomentario
ADDED from Proyecto Movil Mantenimiento\ManttoPDA adaptable\AndroidManifest.xml:208:13-212:29
action#com.example.user.codbar.Llenarcomentario
ADDED from Proyecto Movil Mantenimiento\ManttoPDA adaptable\AndroidManifest.xml:209:17-83
	android:name
		ADDED from Proyecto Movil Mantenimiento\ManttoPDA adaptable\AndroidManifest.xml:209:25-80
activity#com.lys.mobile.Imagen
ADDED from Proyecto Movil Mantenimiento\ManttoPDA adaptable\AndroidManifest.xml:214:9-223:20
	android:screenOrientation
		ADDED from Proyecto Movil Mantenimiento\ManttoPDA adaptable\AndroidManifest.xml:217:13-50
	android:label
		ADDED from Proyecto Movil Mantenimiento\ManttoPDA adaptable\AndroidManifest.xml:216:13-45
	android:name
		ADDED from Proyecto Movil Mantenimiento\ManttoPDA adaptable\AndroidManifest.xml:215:13-35
intent-filter#android.intent.category.DEFAULT+com.example.user.codbar.Imagen
ADDED from Proyecto Movil Mantenimiento\ManttoPDA adaptable\AndroidManifest.xml:218:13-222:29
action#com.example.user.codbar.Imagen
ADDED from Proyecto Movil Mantenimiento\ManttoPDA adaptable\AndroidManifest.xml:219:17-73
	android:name
		ADDED from Proyecto Movil Mantenimiento\ManttoPDA adaptable\AndroidManifest.xml:219:25-70
activity#com.lys.mobile.Image
ADDED from Proyecto Movil Mantenimiento\ManttoPDA adaptable\AndroidManifest.xml:224:9-233:20
	android:screenOrientation
		ADDED from Proyecto Movil Mantenimiento\ManttoPDA adaptable\AndroidManifest.xml:227:13-50
	android:label
		ADDED from Proyecto Movil Mantenimiento\ManttoPDA adaptable\AndroidManifest.xml:226:13-45
	android:name
		ADDED from Proyecto Movil Mantenimiento\ManttoPDA adaptable\AndroidManifest.xml:225:13-34
intent-filter#android.intent.category.DEFAULT+com.example.user.codbar.image
ADDED from Proyecto Movil Mantenimiento\ManttoPDA adaptable\AndroidManifest.xml:228:13-232:29
action#com.example.user.codbar.image
ADDED from Proyecto Movil Mantenimiento\ManttoPDA adaptable\AndroidManifest.xml:229:17-72
	android:name
		ADDED from Proyecto Movil Mantenimiento\ManttoPDA adaptable\AndroidManifest.xml:229:25-69
activity#com.lys.mobile.Sservicio
ADDED from Proyecto Movil Mantenimiento\ManttoPDA adaptable\AndroidManifest.xml:234:9-243:20
	android:screenOrientation
		ADDED from Proyecto Movil Mantenimiento\ManttoPDA adaptable\AndroidManifest.xml:237:13-50
	android:label
		ADDED from Proyecto Movil Mantenimiento\ManttoPDA adaptable\AndroidManifest.xml:236:13-45
	android:name
		ADDED from Proyecto Movil Mantenimiento\ManttoPDA adaptable\AndroidManifest.xml:235:13-38
intent-filter#android.intent.category.DEFAULT+com.example.user.codbar.Sservicio
ADDED from Proyecto Movil Mantenimiento\ManttoPDA adaptable\AndroidManifest.xml:238:13-242:29
action#com.example.user.codbar.Sservicio
ADDED from Proyecto Movil Mantenimiento\ManttoPDA adaptable\AndroidManifest.xml:239:17-76
	android:name
		ADDED from Proyecto Movil Mantenimiento\ManttoPDA adaptable\AndroidManifest.xml:239:25-73
activity#com.lys.mobile.DetalleEjecutado
ADDED from Proyecto Movil Mantenimiento\ManttoPDA adaptable\AndroidManifest.xml:244:9-253:20
	android:screenOrientation
		ADDED from Proyecto Movil Mantenimiento\ManttoPDA adaptable\AndroidManifest.xml:247:13-49
	android:label
		ADDED from Proyecto Movil Mantenimiento\ManttoPDA adaptable\AndroidManifest.xml:246:13-45
	android:name
		ADDED from Proyecto Movil Mantenimiento\ManttoPDA adaptable\AndroidManifest.xml:245:13-45
intent-filter#android.intent.category.DEFAULT+com.example.user.codbar.DetalleEjecutado
ADDED from Proyecto Movil Mantenimiento\ManttoPDA adaptable\AndroidManifest.xml:248:13-252:29
action#com.example.user.codbar.DetalleEjecutado
ADDED from Proyecto Movil Mantenimiento\ManttoPDA adaptable\AndroidManifest.xml:249:17-83
	android:name
		ADDED from Proyecto Movil Mantenimiento\ManttoPDA adaptable\AndroidManifest.xml:249:25-80
activity#com.lys.mobile.DetalleEjecutadoRealizado
ADDED from Proyecto Movil Mantenimiento\ManttoPDA adaptable\AndroidManifest.xml:254:9-263:20
	android:screenOrientation
		ADDED from Proyecto Movil Mantenimiento\ManttoPDA adaptable\AndroidManifest.xml:257:13-49
	android:label
		ADDED from Proyecto Movil Mantenimiento\ManttoPDA adaptable\AndroidManifest.xml:256:13-45
	android:name
		ADDED from Proyecto Movil Mantenimiento\ManttoPDA adaptable\AndroidManifest.xml:255:13-54
intent-filter#android.intent.category.DEFAULT+com.example.user.codbar.DetalleEjecutadoRealizado
ADDED from Proyecto Movil Mantenimiento\ManttoPDA adaptable\AndroidManifest.xml:258:13-262:29
action#com.example.user.codbar.DetalleEjecutadoRealizado
ADDED from Proyecto Movil Mantenimiento\ManttoPDA adaptable\AndroidManifest.xml:259:17-92
	android:name
		ADDED from Proyecto Movil Mantenimiento\ManttoPDA adaptable\AndroidManifest.xml:259:25-89
activity#com.lys.mobile.DetalleEjecutado2
ADDED from Proyecto Movil Mantenimiento\ManttoPDA adaptable\AndroidManifest.xml:264:9-273:20
	android:screenOrientation
		ADDED from Proyecto Movil Mantenimiento\ManttoPDA adaptable\AndroidManifest.xml:267:13-49
	android:label
		ADDED from Proyecto Movil Mantenimiento\ManttoPDA adaptable\AndroidManifest.xml:266:13-45
	android:name
		ADDED from Proyecto Movil Mantenimiento\ManttoPDA adaptable\AndroidManifest.xml:265:13-46
intent-filter#android.intent.category.DEFAULT+com.example.user.codbar.DetalleEjecutado2
ADDED from Proyecto Movil Mantenimiento\ManttoPDA adaptable\AndroidManifest.xml:268:13-272:29
action#com.example.user.codbar.DetalleEjecutado2
ADDED from Proyecto Movil Mantenimiento\ManttoPDA adaptable\AndroidManifest.xml:269:17-84
	android:name
		ADDED from Proyecto Movil Mantenimiento\ManttoPDA adaptable\AndroidManifest.xml:269:25-81
activity#com.lys.mobile.VerImagen
ADDED from Proyecto Movil Mantenimiento\ManttoPDA adaptable\AndroidManifest.xml:274:9-277:63
	android:screenOrientation
		ADDED from Proyecto Movil Mantenimiento\ManttoPDA adaptable\AndroidManifest.xml:277:13-50
	android:label
		ADDED from Proyecto Movil Mantenimiento\ManttoPDA adaptable\AndroidManifest.xml:276:13-45
	android:name
		ADDED from Proyecto Movil Mantenimiento\ManttoPDA adaptable\AndroidManifest.xml:275:13-38
activity#com.lys.mobile.VerListaImagen
ADDED from Proyecto Movil Mantenimiento\ManttoPDA adaptable\AndroidManifest.xml:278:9-281:53
	android:screenOrientation
		ADDED from Proyecto Movil Mantenimiento\ManttoPDA adaptable\AndroidManifest.xml:281:13-50
	android:label
		ADDED from Proyecto Movil Mantenimiento\ManttoPDA adaptable\AndroidManifest.xml:280:13-45
	android:name
		ADDED from Proyecto Movil Mantenimiento\ManttoPDA adaptable\AndroidManifest.xml:279:13-43
service#com.lys.mobile.asynctask.UploadService
ADDED from Proyecto Movil Mantenimiento\ManttoPDA adaptable\AndroidManifest.xml:283:9-60
	android:name
		ADDED from Proyecto Movil Mantenimiento\ManttoPDA adaptable\AndroidManifest.xml:283:18-57
activity#com.lys.mobile.Llenar2
ADDED from Proyecto Movil Mantenimiento\ManttoPDA adaptable\AndroidManifest.xml:285:9-295:20
	android:screenOrientation
		ADDED from Proyecto Movil Mantenimiento\ManttoPDA adaptable\AndroidManifest.xml:288:13-50
	android:label
		ADDED from Proyecto Movil Mantenimiento\ManttoPDA adaptable\AndroidManifest.xml:287:13-45
	android:windowSoftInputMode
		ADDED from Proyecto Movil Mantenimiento\ManttoPDA adaptable\AndroidManifest.xml:289:13-52
	android:name
		ADDED from Proyecto Movil Mantenimiento\ManttoPDA adaptable\AndroidManifest.xml:286:13-36
intent-filter#android.intent.category.DEFAULT+com.example.user.codbar.Llenar2
ADDED from Proyecto Movil Mantenimiento\ManttoPDA adaptable\AndroidManifest.xml:290:13-294:29
action#com.example.user.codbar.Llenar2
ADDED from Proyecto Movil Mantenimiento\ManttoPDA adaptable\AndroidManifest.xml:291:17-74
	android:name
		ADDED from Proyecto Movil Mantenimiento\ManttoPDA adaptable\AndroidManifest.xml:291:25-71
activity#com.lys.mobile.InspeccionesRealizadasG
ADDED from Proyecto Movil Mantenimiento\ManttoPDA adaptable\AndroidManifest.xml:296:9-299:52
	android:screenOrientation
		ADDED from Proyecto Movil Mantenimiento\ManttoPDA adaptable\AndroidManifest.xml:299:13-49
	android:label
		ADDED from Proyecto Movil Mantenimiento\ManttoPDA adaptable\AndroidManifest.xml:298:13-45
	android:name
		ADDED from Proyecto Movil Mantenimiento\ManttoPDA adaptable\AndroidManifest.xml:297:13-52
activity#com.lys.mobile.DetalleEjecutadoRealizadoG
ADDED from Proyecto Movil Mantenimiento\ManttoPDA adaptable\AndroidManifest.xml:300:9-303:52
	android:screenOrientation
		ADDED from Proyecto Movil Mantenimiento\ManttoPDA adaptable\AndroidManifest.xml:303:13-49
	android:label
		ADDED from Proyecto Movil Mantenimiento\ManttoPDA adaptable\AndroidManifest.xml:302:13-45
	android:name
		ADDED from Proyecto Movil Mantenimiento\ManttoPDA adaptable\AndroidManifest.xml:301:13-55
activity#com.lys.mobile.HistoInspeccionG
ADDED from Proyecto Movil Mantenimiento\ManttoPDA adaptable\AndroidManifest.xml:329:9-332:52
	android:screenOrientation
		ADDED from Proyecto Movil Mantenimiento\ManttoPDA adaptable\AndroidManifest.xml:332:13-49
	android:label
		ADDED from Proyecto Movil Mantenimiento\ManttoPDA adaptable\AndroidManifest.xml:331:13-45
	android:name
		ADDED from Proyecto Movil Mantenimiento\ManttoPDA adaptable\AndroidManifest.xml:330:13-45
activity#com.lys.mobile.DetalleEjecutadoRealizadoG2
ADDED from Proyecto Movil Mantenimiento\ManttoPDA adaptable\AndroidManifest.xml:333:9-337:15
	android:screenOrientation
		ADDED from Proyecto Movil Mantenimiento\ManttoPDA adaptable\AndroidManifest.xml:336:13-49
	android:label
		ADDED from Proyecto Movil Mantenimiento\ManttoPDA adaptable\AndroidManifest.xml:335:13-45
	android:name
		ADDED from Proyecto Movil Mantenimiento\ManttoPDA adaptable\AndroidManifest.xml:334:13-56
activity#com.lys.mobile.MenuPrincipal
ADDED from Proyecto Movil Mantenimiento\ManttoPDA adaptable\AndroidManifest.xml:339:9-341:20
	android:name
		ADDED from Proyecto Movil Mantenimiento\ManttoPDA adaptable\AndroidManifest.xml:339:19-48
activity#com.lys.mobile.ListaOpciones
ADDED from Proyecto Movil Mantenimiento\ManttoPDA adaptable\AndroidManifest.xml:343:9-60
	android:name
		ADDED from Proyecto Movil Mantenimiento\ManttoPDA adaptable\AndroidManifest.xml:343:19-48